<?xml version="1.0" encoding="UTF-8"?>
<!-- Generated by org.testng.reporters.JUnitReportReporter -->
<testsuite hostname="DESKTOP-HL7Q7OH" name="cla.parstr.ParallelStreamFjpTest" tests="60" failures="0" timestamp="6 Jun 2019 18:26:00 GMT" time="0.099" errors="0">
  <testcase name="executedInAnotherPool_sanityCheck1" time="0.000" classname="cla.parstr.ParallelStreamFjpTest"/>
  <testcase name="executedInAnotherPool_sanityCheck1" time="0.000" classname="cla.parstr.ParallelStreamFjpTest"/>
  <testcase name="executesInAnotherPool" time="0.000" classname="cla.parstr.ParallelStreamFjpTest"/>
  <testcase name="executesInCommonPool" time="0.002" classname="cla.parstr.ParallelStreamFjpTest"/>
  <testcase name="executesInCommonPool" time="0.001" classname="cla.parstr.ParallelStreamFjpTest"/>
  <testcase name="executesInAnotherPool_sanityCheck3" time="0.001" classname="cla.parstr.ParallelStreamFjpTest"/>
  <testcase name="executesInAnotherPool" time="0.002" classname="cla.parstr.ParallelStreamFjpTest"/>
  <testcase name="executesInAnotherPool" time="0.002" classname="cla.parstr.ParallelStreamFjpTest"/>
  <testcase name="executedInAnotherPool_sanityCheck1" time="0.002" classname="cla.parstr.ParallelStreamFjpTest"/>
  <testcase name="executesInAnotherPool_sanityCheck2" time="0.000" classname="cla.parstr.ParallelStreamFjpTest"/>
  <testcase name="executesInCommonPool" time="0.001" classname="cla.parstr.ParallelStreamFjpTest"/>
  <testcase name="executesInAnotherPool_sanityCheck2" time="0.001" classname="cla.parstr.ParallelStreamFjpTest"/>
  <testcase name="executesInCommonPool" time="0.000" classname="cla.parstr.ParallelStreamFjpTest"/>
  <testcase name="executesInCommonPool_sanityCheck" time="0.001" classname="cla.parstr.ParallelStreamFjpTest"/>
  <testcase name="executesInAnotherPool_sanityCheck2" time="0.000" classname="cla.parstr.ParallelStreamFjpTest"/>
  <testcase name="executesInCommonPool" time="0.002" classname="cla.parstr.ParallelStreamFjpTest"/>
  <testcase name="executesInCommonPool" time="0.000" classname="cla.parstr.ParallelStreamFjpTest"/>
  <testcase name="executesInAnotherPool" time="0.001" classname="cla.parstr.ParallelStreamFjpTest"/>
  <testcase name="executesInCommonPool_sanityCheck" time="0.000" classname="cla.parstr.ParallelStreamFjpTest"/>
  <testcase name="executesInAnotherPool_sanityCheck3" time="0.002" classname="cla.parstr.ParallelStreamFjpTest"/>
  <testcase name="executesInAnotherPool_sanityCheck2" time="0.000" classname="cla.parstr.ParallelStreamFjpTest"/>
  <testcase name="executesInCommonPool" time="0.001" classname="cla.parstr.ParallelStreamFjpTest"/>
  <testcase name="executesInAnotherPool_sanityCheck2" time="0.001" classname="cla.parstr.ParallelStreamFjpTest"/>
  <testcase name="executesInCommonPool_sanityCheck" time="0.000" classname="cla.parstr.ParallelStreamFjpTest"/>
  <testcase name="executesInCommonPool_sanityCheck" time="0.002" classname="cla.parstr.ParallelStreamFjpTest"/>
  <testcase name="executesInCommonPool_sanityCheck" time="0.000" classname="cla.parstr.ParallelStreamFjpTest"/>
  <testcase name="executesInAnotherPool_sanityCheck2" time="0.001" classname="cla.parstr.ParallelStreamFjpTest"/>
  <testcase name="executesInAnotherPool_sanityCheck3" time="0.004" classname="cla.parstr.ParallelStreamFjpTest"/>
  <testcase name="executesInAnotherPool_sanityCheck3" time="0.000" classname="cla.parstr.ParallelStreamFjpTest"/>
  <testcase name="executedInAnotherPool_sanityCheck1" time="0.001" classname="cla.parstr.ParallelStreamFjpTest"/>
  <testcase name="executesInAnotherPool" time="0.000" classname="cla.parstr.ParallelStreamFjpTest"/>
  <testcase name="executedInAnotherPool_sanityCheck1" time="0.001" classname="cla.parstr.ParallelStreamFjpTest"/>
  <testcase name="executedInAnotherPool_sanityCheck1" time="0.000" classname="cla.parstr.ParallelStreamFjpTest"/>
  <testcase name="executedInAnotherPool_sanityCheck1" time="0.001" classname="cla.parstr.ParallelStreamFjpTest"/>
  <testcase name="executesInAnotherPool" time="0.001" classname="cla.parstr.ParallelStreamFjpTest"/>
  <testcase name="executedInAnotherPool_sanityCheck1" time="0.007" classname="cla.parstr.ParallelStreamFjpTest"/>
  <testcase name="executesInCommonPool_sanityCheck" time="0.000" classname="cla.parstr.ParallelStreamFjpTest"/>
  <testcase name="executesInAnotherPool_sanityCheck3" time="0.001" classname="cla.parstr.ParallelStreamFjpTest"/>
  <testcase name="executesInCommonPool_sanityCheck" time="0.000" classname="cla.parstr.ParallelStreamFjpTest"/>
  <testcase name="executesInAnotherPool_sanityCheck3" time="0.001" classname="cla.parstr.ParallelStreamFjpTest"/>
  <testcase name="executesInCommonPool_sanityCheck" time="0.001" classname="cla.parstr.ParallelStreamFjpTest"/>
  <testcase name="executesInAnotherPool_sanityCheck2" time="0.003" classname="cla.parstr.ParallelStreamFjpTest"/>
  <testcase name="executedInAnotherPool_sanityCheck1" time="0.040" classname="cla.parstr.ParallelStreamFjpTest"/>
  <testcase name="executesInAnotherPool" time="0.001" classname="cla.parstr.ParallelStreamFjpTest"/>
  <testcase name="executesInAnotherPool" time="0.001" classname="cla.parstr.ParallelStreamFjpTest"/>
  <testcase name="executesInCommonPool_sanityCheck" time="0.000" classname="cla.parstr.ParallelStreamFjpTest"/>
  <testcase name="executesInCommonPool_sanityCheck" time="0.000" classname="cla.parstr.ParallelStreamFjpTest"/>
  <testcase name="executesInAnotherPool_sanityCheck3" time="0.001" classname="cla.parstr.ParallelStreamFjpTest"/>
  <testcase name="executesInAnotherPool_sanityCheck2" time="0.003" classname="cla.parstr.ParallelStreamFjpTest"/>
  <testcase name="executesInAnotherPool_sanityCheck2" time="0.000" classname="cla.parstr.ParallelStreamFjpTest"/>
  <testcase name="executesInCommonPool" time="0.001" classname="cla.parstr.ParallelStreamFjpTest"/>
  <testcase name="executesInAnotherPool" time="0.003" classname="cla.parstr.ParallelStreamFjpTest"/>
  <testcase name="executesInAnotherPool_sanityCheck3" time="0.000" classname="cla.parstr.ParallelStreamFjpTest"/>
  <testcase name="executesInAnotherPool" time="0.001" classname="cla.parstr.ParallelStreamFjpTest"/>
  <testcase name="executesInCommonPool" time="0.000" classname="cla.parstr.ParallelStreamFjpTest"/>
  <testcase name="executedInAnotherPool_sanityCheck1" time="0.001" classname="cla.parstr.ParallelStreamFjpTest"/>
  <testcase name="executesInCommonPool" time="0.001" classname="cla.parstr.ParallelStreamFjpTest"/>
  <testcase name="executesInAnotherPool_sanityCheck3" time="0.000" classname="cla.parstr.ParallelStreamFjpTest"/>
  <testcase name="executesInAnotherPool_sanityCheck2" time="0.001" classname="cla.parstr.ParallelStreamFjpTest"/>
  <testcase name="executesInAnotherPool_sanityCheck3" time="0.001" classname="cla.parstr.ParallelStreamFjpTest"/>
</testsuite> <!-- cla.parstr.ParallelStreamFjpTest -->
